Proportion of positive examples: 0.5578256544269403
pad token id is none
finishing tokeninzing
trainable params: 16,896 || all params: 124,458,240 || trainable%: 0.013575637900712721
Total gradient norm: 11.093796730041504
tensor([0.0006]) tensor([0.0052]) tensor([0.0005])
Current step number: 1
Total gradient norm: 5.825813293457031
tensor([0.0016]) tensor([0.0088]) tensor([0.0007])
Current step number: 2
Total gradient norm: 9.410393714904785
tensor([0.0024]) tensor([0.0129]) tensor([0.0011])
Current step number: 3
Total gradient norm: 4.777997970581055
tensor([0.0036]) tensor([0.0152]) tensor([0.0012])
Current step number: 4
Total gradient norm: 7.669881820678711
tensor([0.0046]) tensor([0.0185]) tensor([0.0014])
Current step number: 5
Total gradient norm: 7.291645050048828
tensor([0.0055]) tensor([0.0217]) tensor([0.0017])
Current step number: 6
Total gradient norm: 7.363293170928955
tensor([0.0066]) tensor([0.0245]) tensor([0.0018])
Current step number: 7
Total gradient norm: 8.366602897644043
tensor([0.0075]) tensor([0.0284]) tensor([0.0022])
Current step number: 8
Total gradient norm: 10.415726661682129
tensor([0.0082]) tensor([0.0326]) tensor([0.0025])
Current step number: 9
Total gradient norm: 7.3090949058532715
tensor([0.0093]) tensor([0.0353]) tensor([0.0027])
Current step number: 10
Total gradient norm: 6.928238391876221
tensor([0.0103]) tensor([0.0384]) tensor([0.0029])
Current step number: 11
Total gradient norm: 6.547940731048584
tensor([0.0113]) tensor([0.0413]) tensor([0.0032])
Current step number: 12
Total gradient norm: 9.639955520629883
tensor([0.0122]) tensor([0.0449]) tensor([0.0035])
Current step number: 13
Total gradient norm: 6.975991249084473
tensor([0.0132]) tensor([0.0475]) tensor([0.0036])
Current step number: 14
Total gradient norm: 9.897774696350098
tensor([0.0140]) tensor([0.0513]) tensor([0.0040])
Current step number: 15
Total gradient norm: 5.882367134094238
tensor([0.0148]) tensor([0.0550]) tensor([0.0043])
Current step number: 16
Total gradient norm: 8.600492477416992
tensor([0.0158]) tensor([0.0583]) tensor([0.0046])
Current step number: 17
Total gradient norm: 6.205602645874023
tensor([0.0167]) tensor([0.0615]) tensor([0.0048])
Current step number: 18
Total gradient norm: 8.258849143981934
tensor([0.0177]) tensor([0.0640]) tensor([0.0050])
Current step number: 19
Total gradient norm: 8.871308326721191
tensor([0.0185]) tensor([0.0679]) tensor([0.0054])
Current step number: 20
Total gradient norm: 8.08993148803711
tensor([0.0194]) tensor([0.0708]) tensor([0.0056])
Current step number: 21
Total gradient norm: 6.380143165588379
tensor([0.0203]) tensor([0.0739]) tensor([0.0059])
Current step number: 22
Total gradient norm: 8.814373970031738
tensor([0.0211]) tensor([0.0777]) tensor([0.0062])
Current step number: 23
Total gradient norm: 6.358085632324219
tensor([0.0219]) tensor([0.0810]) tensor([0.0065])
Current step number: 24
Total gradient norm: 9.89477252960205
tensor([0.0228]) tensor([0.0843]) tensor([0.0068])
Current step number: 25
Total gradient norm: 5.807406902313232
tensor([0.0238]) tensor([0.0869]) tensor([0.0070])
Current step number: 26
Total gradient norm: 8.586248397827148
tensor([0.0248]) tensor([0.0894]) tensor([0.0073])
Current step number: 27
Total gradient norm: 10.428970336914062
tensor([0.0253]) tensor([0.0939]) tensor([0.0077])
Current step number: 28
Total gradient norm: 7.470696449279785
tensor([0.0262]) tensor([0.0967]) tensor([0.0080])
Current step number: 29
Total gradient norm: 9.781377792358398
tensor([0.0270]) tensor([0.1000]) tensor([0.0083])
Current step number: 30
Total gradient norm: 9.640323638916016
tensor([0.0278]) tensor([0.1036]) tensor([0.0087])
Current step number: 31
Total gradient norm: 5.957461357116699
tensor([0.0286]) tensor([0.1067]) tensor([0.0090])
Current step number: 32
Total gradient norm: 7.421379089355469
tensor([0.0295]) tensor([0.1096]) tensor([0.0092])
Current step number: 33
Total gradient norm: 7.2662506103515625
tensor([0.0301]) tensor([0.1134]) tensor([0.0097])
Current step number: 34
Total gradient norm: 8.0513334274292
tensor([0.0312]) tensor([0.1156]) tensor([0.0098])
Current step number: 35
Total gradient norm: 8.545973777770996
tensor([0.0319]) tensor([0.1188]) tensor([0.0102])
Current step number: 36
Total gradient norm: 7.166126251220703
tensor([0.0329]) tensor([0.1212]) tensor([0.0104])
Current step number: 37
Total gradient norm: 7.507701396942139
tensor([0.0338]) tensor([0.1240]) tensor([0.0106])
Current step number: 38
Total gradient norm: 7.001002788543701
tensor([0.0348]) tensor([0.1261]) tensor([0.0108])
Current step number: 39
Total gradient norm: 6.861539363861084
tensor([0.0357]) tensor([0.1287]) tensor([0.0111])
Current step number: 40
Total gradient norm: 11.092839241027832
tensor([0.0364]) tensor([0.1323]) tensor([0.0115])
Current step number: 41
Total gradient norm: 7.498600959777832
tensor([0.0372]) tensor([0.1350]) tensor([0.0117])
Current step number: 42
Total gradient norm: 8.49998950958252
tensor([0.0381]) tensor([0.1377]) tensor([0.0120])
Current step number: 43
Total gradient norm: 6.198223114013672
tensor([0.0391]) tensor([0.1399]) tensor([0.0122])
Current step number: 44
Total gradient norm: 9.128634452819824
tensor([0.0398]) tensor([0.1429]) tensor([0.0125])
Current step number: 45
Total gradient norm: 7.156312465667725
tensor([0.0407]) tensor([0.1455]) tensor([0.0128])
Current step number: 46
Total gradient norm: 7.634249687194824
tensor([0.0416]) tensor([0.1479]) tensor([0.0131])
Current step number: 47
Total gradient norm: 6.944124698638916
tensor([0.0426]) tensor([0.1500]) tensor([0.0132])
Current step number: 48
Total gradient norm: 7.2696685791015625
tensor([0.0436]) tensor([0.1518]) tensor([0.0134])
Current step number: 49
Total gradient norm: 7.424838542938232
tensor([0.0444]) tensor([0.1547]) tensor([0.0137])
Current step number: 50
Total gradient norm: 6.635322093963623
tensor([0.0454]) tensor([0.1565]) tensor([0.0138])
Current step number: 51
Total gradient norm: 5.851333141326904
tensor([0.0463]) tensor([0.1588]) tensor([0.0141])
Current step number: 52
Total gradient norm: 8.229266166687012
tensor([0.0472]) tensor([0.1613]) tensor([0.0143])
Current step number: 53
Total gradient norm: 4.396888732910156
tensor([0.0483]) tensor([0.1627]) tensor([0.0144])
Current step number: 54
Total gradient norm: 8.956701278686523
tensor([0.0492]) tensor([0.1650]) tensor([0.0147])
Current step number: 55
Total gradient norm: 7.896750450134277
tensor([0.0501]) tensor([0.1674]) tensor([0.0149])
Current step number: 56
Total gradient norm: 7.170912742614746
tensor([0.0512]) tensor([0.1688]) tensor([0.0150])
Current step number: 57
Total gradient norm: 6.079789638519287
tensor([0.0521]) tensor([0.1709]) tensor([0.0152])
Current step number: 58
Total gradient norm: 9.108148574829102
tensor([0.0530]) tensor([0.1733]) tensor([0.0155])
Current step number: 59
Total gradient norm: 6.423237323760986
tensor([0.0539]) tensor([0.1752]) tensor([0.0156])
Current step number: 60
Total gradient norm: 10.107465744018555
tensor([0.0546]) tensor([0.1780]) tensor([0.0160])
Current step number: 61
Total gradient norm: 5.856252670288086
tensor([0.0556]) tensor([0.1801]) tensor([0.0162])
Current step number: 62
Total gradient norm: 10.816499710083008
tensor([0.0562]) tensor([0.1831]) tensor([0.0166])
Current step number: 63
Total gradient norm: 7.269989013671875
tensor([0.0569]) tensor([0.1860]) tensor([0.0170])
Current step number: 64
Total gradient norm: 8.431435585021973
tensor([0.0577]) tensor([0.1883]) tensor([0.0173])
Current step number: 65
Total gradient norm: 9.530647277832031
tensor([0.0583]) tensor([0.1912]) tensor([0.0177])
Current step number: 66
Total gradient norm: 8.151460647583008
tensor([0.0592]) tensor([0.1933]) tensor([0.0179])
Current step number: 67
Total gradient norm: 4.285025596618652
tensor([0.0604]) tensor([0.1944]) tensor([0.0179])
Current step number: 68
Total gradient norm: 8.114623069763184
tensor([0.0612]) tensor([0.1967]) tensor([0.0182])
Current step number: 69
Total gradient norm: 6.884624481201172
tensor([0.0617]) tensor([0.1998]) tensor([0.0187])
Current step number: 70
Total gradient norm: 8.173661231994629
tensor([0.0626]) tensor([0.2020]) tensor([0.0189])
Current step number: 71
Total gradient norm: 8.213282585144043
tensor([0.0634]) tensor([0.2042]) tensor([0.0192])
Current step number: 72
Total gradient norm: 10.77916431427002
tensor([0.0640]) tensor([0.2070]) tensor([0.0196])
Current step number: 73
Total gradient norm: 8.169437408447266
tensor([0.0647]) tensor([0.2097]) tensor([0.0200])
Current step number: 74
Total gradient norm: 7.473708629608154
tensor([0.0655]) tensor([0.2118]) tensor([0.0202])
Current step number: 75
Total gradient norm: 8.42245864868164
tensor([0.0661]) tensor([0.2145]) tensor([0.0206])
Current step number: 76
Total gradient norm: 10.10400390625
tensor([0.0667]) tensor([0.2174]) tensor([0.0210])
Current step number: 77
Total gradient norm: 7.042374134063721
tensor([0.0676]) tensor([0.2191]) tensor([0.0212])
Current step number: 78
Total gradient norm: 8.42988395690918
tensor([0.0684]) tensor([0.2210]) tensor([0.0215])
Current step number: 79
Total gradient norm: 7.903576850891113
tensor([0.0693]) tensor([0.2231]) tensor([0.0217])
Current step number: 80
Total gradient norm: 7.7846479415893555
tensor([0.0701]) tensor([0.2249]) tensor([0.0220])
Current step number: 81
Total gradient norm: 6.836207389831543
tensor([0.0711]) tensor([0.2264]) tensor([0.0221])
Current step number: 82
Total gradient norm: 9.415860176086426
tensor([0.0718]) tensor([0.2286]) tensor([0.0224])
Current step number: 83
Total gradient norm: 8.112371444702148
tensor([0.0725]) tensor([0.2309]) tensor([0.0228])
Current step number: 84
Total gradient norm: 7.648699760437012
tensor([0.0734]) tensor([0.2326]) tensor([0.0230])
Current step number: 85
Total gradient norm: 8.92825984954834
tensor([0.0740]) tensor([0.2351]) tensor([0.0234])
Current step number: 86
Total gradient norm: 9.501248359680176
tensor([0.0747]) tensor([0.2374]) tensor([0.0237])
Current step number: 87
Total gradient norm: 6.245200157165527
tensor([0.0756]) tensor([0.2391]) tensor([0.0239])
Current step number: 88
Total gradient norm: 7.978377819061279
tensor([0.0764]) tensor([0.2410]) tensor([0.0242])
Current step number: 89
Total gradient norm: 6.307861328125
tensor([0.0772]) tensor([0.2429]) tensor([0.0244])
Current step number: 90
Total gradient norm: 7.349750995635986
tensor([0.0781]) tensor([0.2442]) tensor([0.0246])
Current step number: 91
Total gradient norm: 7.719151496887207
tensor([0.0789]) tensor([0.2461]) tensor([0.0249])
Current step number: 92
Total gradient norm: 8.425495147705078
tensor([0.0798]) tensor([0.2478]) tensor([0.0251])
Current step number: 93
Total gradient norm: 7.640291690826416
tensor([0.0805]) tensor([0.2498]) tensor([0.0254])
Current step number: 94
Total gradient norm: 8.994062423706055
tensor([0.0811]) tensor([0.2521]) tensor([0.0258])
Current step number: 95
Total gradient norm: 7.2455830574035645
tensor([0.0818]) tensor([0.2542]) tensor([0.0261])
Current step number: 96
Total gradient norm: 8.941278457641602
tensor([0.0826]) tensor([0.2560]) tensor([0.0264])
Current step number: 97
Total gradient norm: 5.657750606536865
tensor([0.0835]) tensor([0.2575]) tensor([0.0266])
Current step number: 98
Total gradient norm: 6.690837383270264
tensor([0.0843]) tensor([0.2591]) tensor([0.0268])
Current step number: 99
Total gradient norm: 5.948594093322754
tensor([0.0850]) tensor([0.2611]) tensor([0.0271])
Current step number: 100
Total gradient norm: 7.201341152191162
tensor([0.0859]) tensor([0.2624]) tensor([0.0273])
Current step number: 101
Total gradient norm: 6.940855026245117
tensor([0.0868]) tensor([0.2640]) tensor([0.0275])
Current step number: 102
Total gradient norm: 7.458131313323975
tensor([0.0875]) tensor([0.2657]) tensor([0.0278])
Current step number: 103
Total gradient norm: 6.959584712982178
tensor([0.0883]) tensor([0.2676]) tensor([0.0280])
Current step number: 104
Total gradient norm: 8.77000904083252
tensor([0.0890]) tensor([0.2695]) tensor([0.0284])
Current step number: 105
Total gradient norm: 6.794651031494141
tensor([0.0897]) tensor([0.2712]) tensor([0.0286])
Current step number: 106
Total gradient norm: 8.267508506774902
tensor([0.0905]) tensor([0.2727]) tensor([0.0289])
Current step number: 107
Total gradient norm: 5.781057357788086
tensor([0.0914]) tensor([0.2743]) tensor([0.0291])
Current step number: 108
Total gradient norm: 7.54505729675293
tensor([0.0922]) tensor([0.2756]) tensor([0.0293])
Current step number: 109
Total gradient norm: 8.755538940429688
tensor([0.0930]) tensor([0.2773]) tensor([0.0296])
Current step number: 110
Total gradient norm: 8.698816299438477
tensor([0.0937]) tensor([0.2789]) tensor([0.0298])
Current step number: 111
Total gradient norm: 5.875465393066406
tensor([0.0946]) tensor([0.2802]) tensor([0.0300])
Current step number: 112
Total gradient norm: 7.618584156036377
tensor([0.0955]) tensor([0.2815]) tensor([0.0302])
Current step number: 113
Total gradient norm: 6.662651538848877
tensor([0.0963]) tensor([0.2828]) tensor([0.0304])
Current step number: 114
Total gradient norm: 7.316074848175049
tensor([0.0972]) tensor([0.2842]) tensor([0.0306])
Current step number: 115
Total gradient norm: 7.390207767486572
tensor([0.0979]) tensor([0.2859]) tensor([0.0309])
Current step number: 116
Total gradient norm: 5.9744181632995605
tensor([0.0988]) tensor([0.2870]) tensor([0.0310])
Current step number: 117
Total gradient norm: 7.241340637207031
tensor([0.0995]) tensor([0.2886]) tensor([0.0313])
Current step number: 118
Total gradient norm: 8.059470176696777
tensor([0.1002]) tensor([0.2904]) tensor([0.0316])
Current step number: 119
Total gradient norm: 10.1213960647583
tensor([0.1008]) tensor([0.2923]) tensor([0.0320])
Current step number: 120
Total gradient norm: 10.808599472045898
tensor([0.1015]) tensor([0.2941]) tensor([0.0323])
Current step number: 121
Total gradient norm: 4.34867525100708
tensor([0.1024]) tensor([0.2951]) tensor([0.0324])
Current step number: 122
Total gradient norm: 10.385283470153809
tensor([0.1030]) tensor([0.2970]) tensor([0.0328])
Current step number: 123
Total gradient norm: 8.733602523803711
tensor([0.1036]) tensor([0.2987]) tensor([0.0331])
Current step number: 124
Total gradient norm: 9.670204162597656
tensor([0.1044]) tensor([0.3001]) tensor([0.0334])
Current step number: 125
Total gradient norm: 7.423306941986084
tensor([0.1051]) tensor([0.3018]) tensor([0.0337])
Current step number: 126
Total gradient norm: 8.56960391998291
tensor([0.1058]) tensor([0.3033]) tensor([0.0340])
Current step number: 127
Total gradient norm: 9.268630981445312
tensor([0.1064]) tensor([0.3049]) tensor([0.0343])
Current step number: 128
Total gradient norm: 6.6290388107299805
tensor([0.1074]) tensor([0.3059]) tensor([0.0344])
Current step number: 129
Total gradient norm: 6.322598457336426
tensor([0.1080]) tensor([0.3074]) tensor([0.0347])
Current step number: 130
Total gradient norm: 8.237750053405762
tensor([0.1089]) tensor([0.3085]) tensor([0.0349])
Current step number: 131
Total gradient norm: 7.203530311584473
tensor([0.1098]) tensor([0.3096]) tensor([0.0351])
Current step number: 132
Total gradient norm: 9.674761772155762
tensor([0.1104]) tensor([0.3112]) tensor([0.0354])
Current step number: 133
Total gradient norm: 7.198675155639648
tensor([0.1111]) tensor([0.3128]) tensor([0.0357])
Current step number: 134
Total gradient norm: 8.797039985656738
tensor([0.1118]) tensor([0.3141]) tensor([0.0359])
Current step number: 135
Total gradient norm: 8.548349380493164
tensor([0.1125]) tensor([0.3155]) tensor([0.0362])
Current step number: 136
Total gradient norm: 10.048376083374023
tensor([0.1130]) tensor([0.3173]) tensor([0.0367])
Current step number: 137
Total gradient norm: 6.186955451965332
tensor([0.1138]) tensor([0.3186]) tensor([0.0369])
Current step number: 138
Total gradient norm: 9.981907844543457
tensor([0.1144]) tensor([0.3202]) tensor([0.0372])
Current step number: 139
Total gradient norm: 8.486587524414062
tensor([0.1151]) tensor([0.3217]) tensor([0.0376])
Current step number: 140
Total gradient norm: 6.981054306030273
tensor([0.1159]) tensor([0.3227]) tensor([0.0377])
Current step number: 141
Total gradient norm: 7.533730506896973
tensor([0.1165]) tensor([0.3242]) tensor([0.0381])
Current step number: 142
Total gradient norm: 8.476140975952148
tensor([0.1173]) tensor([0.3254]) tensor([0.0383])
Current step number: 143
Total gradient norm: 10.149589538574219
tensor([0.1179]) tensor([0.3270]) tensor([0.0387])
Current step number: 144
Total gradient norm: 7.441839218139648
tensor([0.1186]) tensor([0.3281]) tensor([0.0389])
Current step number: 145
Total gradient norm: 8.166996955871582
tensor([0.1192]) tensor([0.3296]) tensor([0.0392])
Current step number: 146
Total gradient norm: 8.178877830505371
tensor([0.1200]) tensor([0.3307]) tensor([0.0394])
Current step number: 147
Total gradient norm: 6.849087238311768
tensor([0.1207]) tensor([0.3320]) tensor([0.0397])
Current step number: 148
Total gradient norm: 8.75883960723877
tensor([0.1214]) tensor([0.3333]) tensor([0.0400])
Current step number: 149
Total gradient norm: 5.257152080535889
tensor([0.1221]) tensor([0.3344]) tensor([0.0402])
Current step number: 150
Total gradient norm: 9.881658554077148
tensor([0.1228]) tensor([0.3358]) tensor([0.0405])
Current step number: 151
Total gradient norm: 7.452925682067871
tensor([0.1235]) tensor([0.3369]) tensor([0.0408])
Current step number: 152
Total gradient norm: 7.479719161987305
tensor([0.1243]) tensor([0.3380]) tensor([0.0410])
Current step number: 153
Total gradient norm: 6.553497314453125
tensor([0.1249]) tensor([0.3393]) tensor([0.0413])
Current step number: 154
Total gradient norm: 8.153157234191895
tensor([0.1257]) tensor([0.3402]) tensor([0.0415])
Current step number: 155
Total gradient norm: 5.3090362548828125
tensor([0.1265]) tensor([0.3413]) tensor([0.0417])
Current step number: 156
Total gradient norm: 8.228254318237305
tensor([0.1272]) tensor([0.3425]) tensor([0.0419])
Current step number: 157
Total gradient norm: 9.089488983154297
tensor([0.1277]) tensor([0.3439]) tensor([0.0423])
Current step number: 158
Total gradient norm: 8.357588768005371
tensor([0.1284]) tensor([0.3451]) tensor([0.0426])
Current step number: 159
Total gradient norm: 7.360436916351318
tensor([0.1292]) tensor([0.3461]) tensor([0.0428])
Current step number: 160
Total gradient norm: 12.502745628356934
tensor([0.1295]) tensor([0.3479]) tensor([0.0433])
Current step number: 161
Total gradient norm: 6.064777851104736
tensor([0.1304]) tensor([0.3488]) tensor([0.0435])
Current step number: 162
Total gradient norm: 9.119222640991211
tensor([0.1310]) tensor([0.3500]) tensor([0.0438])
Current step number: 163
Total gradient norm: 8.827616691589355
tensor([0.1317]) tensor([0.3511]) tensor([0.0441])
Current step number: 164
Total gradient norm: 9.843290328979492
tensor([0.1322]) tensor([0.3524]) tensor([0.0444])
Current step number: 165
Total gradient norm: 5.64877986907959
tensor([0.1331]) tensor([0.3532]) tensor([0.0446])
Current step number: 166
Total gradient norm: 7.507725238800049
tensor([0.1338]) tensor([0.3541]) tensor([0.0448])
Current step number: 167
Total gradient norm: 8.16877269744873
tensor([0.1345]) tensor([0.3553]) tensor([0.0451])
Current step number: 168
Total gradient norm: 7.776475429534912
tensor([0.1353]) tensor([0.3561]) tensor([0.0452])
Current step number: 169
Total gradient norm: 7.350947380065918
tensor([0.1358]) tensor([0.3574]) tensor([0.0456])
Current step number: 170
Total gradient norm: 9.709151268005371
tensor([0.1364]) tensor([0.3588]) tensor([0.0460])
Current step number: 171
Total gradient norm: 8.169517517089844
tensor([0.1370]) tensor([0.3599]) tensor([0.0463])
Current step number: 172
Total gradient norm: 9.220292091369629
tensor([0.1376]) tensor([0.3610]) tensor([0.0466])
Current step number: 173
Total gradient norm: 8.087782859802246
tensor([0.1382]) tensor([0.3621]) tensor([0.0469])
Current step number: 174
Total gradient norm: 8.812847137451172
tensor([0.1389]) tensor([0.3631]) tensor([0.0471])
Current step number: 175
Total gradient norm: 7.859061241149902
tensor([0.1396]) tensor([0.3641]) tensor([0.0474])
Current step number: 176
Total gradient norm: 9.844684600830078
tensor([0.1402]) tensor([0.3653]) tensor([0.0477])
Current step number: 177
Total gradient norm: 7.9067535400390625
tensor([0.1408]) tensor([0.3664]) tensor([0.0480])
Current step number: 178
Total gradient norm: 7.386538028717041
tensor([0.1416]) tensor([0.3671]) tensor([0.0482])
Current step number: 179
Total gradient norm: 7.709636211395264
tensor([0.1423]) tensor([0.3681]) tensor([0.0485])
Current step number: 180
Total gradient norm: 7.819145202636719
tensor([0.1429]) tensor([0.3692]) tensor([0.0488])
Current step number: 181
Total gradient norm: 8.837630271911621
tensor([0.1433]) tensor([0.3705]) tensor([0.0492])
Current step number: 182
Total gradient norm: 6.223038196563721
tensor([0.1442]) tensor([0.3711]) tensor([0.0493])
Current step number: 183
Total gradient norm: 7.23828125
tensor([0.1448]) tensor([0.3721]) tensor([0.0496])
Current step number: 184
Total gradient norm: 10.253662109375
tensor([0.1453]) tensor([0.3733]) tensor([0.0500])
Current step number: 185
Total gradient norm: 7.285489082336426
tensor([0.1459]) tensor([0.3744]) tensor([0.0503])
Current step number: 186
Total gradient norm: 7.726653575897217
tensor([0.1467]) tensor([0.3752]) tensor([0.0505])
Current step number: 187
Total gradient norm: 6.234536647796631
tensor([0.1473]) tensor([0.3761]) tensor([0.0507])
Current step number: 188
Total gradient norm: 10.104570388793945
tensor([0.1478]) tensor([0.3773]) tensor([0.0511])
Current step number: 189
Total gradient norm: 7.7965874671936035
tensor([0.1483]) tensor([0.3785]) tensor([0.0516])
Current step number: 190
Total gradient norm: 9.22945499420166
tensor([0.1489]) tensor([0.3795]) tensor([0.0519])
Current step number: 191
Total gradient norm: 5.492210388183594
tensor([0.1497]) tensor([0.3801]) tensor([0.0520])
Current step number: 192
Total gradient norm: 8.389975547790527
tensor([0.1504]) tensor([0.3808]) tensor([0.0522])
Current step number: 193
Total gradient norm: 6.262142181396484
tensor([0.1512]) tensor([0.3815]) tensor([0.0523])
Current step number: 194
Total gradient norm: 8.718619346618652
tensor([0.1519]) tensor([0.3823]) tensor([0.0525])
Current step number: 195
Total gradient norm: 7.150035381317139
tensor([0.1527]) tensor([0.3830]) tensor([0.0527])
Current step number: 196
Total gradient norm: 8.882349967956543
tensor([0.1533]) tensor([0.3839]) tensor([0.0530])
Current step number: 197
Total gradient norm: 7.790611267089844
tensor([0.1538]) tensor([0.3849]) tensor([0.0534])
Current step number: 198
Total gradient norm: 8.876256942749023
tensor([0.1544]) tensor([0.3858]) tensor([0.0536])
Current step number: 199
Total gradient norm: 5.322608947753906
tensor([0.1552]) tensor([0.3864]) tensor([0.0538])
Current step number: 200
Total gradient norm: 10.310763359069824
tensor([0.1558]) tensor([0.3874]) tensor([0.0541])
Current step number: 201
Total gradient norm: 8.29246997833252
tensor([0.1564]) tensor([0.3882]) tensor([0.0543])
Current step number: 202
Total gradient norm: 9.112600326538086
tensor([0.1569]) tensor([0.3893]) tensor([0.0547])
Current step number: 203
Total gradient norm: 6.478696823120117
tensor([0.1576]) tensor([0.3901]) tensor([0.0550])
Current step number: 204
Total gradient norm: 8.307989120483398
tensor([0.1583]) tensor([0.3908]) tensor([0.0552])
Current step number: 205
Total gradient norm: 6.918591022491455
tensor([0.1590]) tensor([0.3914]) tensor([0.0554])
Current step number: 206
Total gradient norm: 8.09242057800293
tensor([0.1597]) tensor([0.3922]) tensor([0.0556])
Current step number: 207
Total gradient norm: 5.546175479888916
tensor([0.1605]) tensor([0.3927]) tensor([0.0557])
Current step number: 208
Total gradient norm: 8.932191848754883
tensor([0.1611]) tensor([0.3935]) tensor([0.0560])
Current step number: 209
Total gradient norm: 5.603575229644775
tensor([0.1619]) tensor([0.3940]) tensor([0.0561])
Current step number: 210
Total gradient norm: 7.7141571044921875
tensor([0.1625]) tensor([0.3948]) tensor([0.0563])
Current step number: 211
Total gradient norm: 7.017136573791504
tensor([0.1632]) tensor([0.3955]) tensor([0.0566])
Current step number: 212
Total gradient norm: 7.10959529876709
tensor([0.1638]) tensor([0.3963]) tensor([0.0568])
Current step number: 213
Total gradient norm: 6.300998210906982
tensor([0.1644]) tensor([0.3971]) tensor([0.0571])
Current step number: 214
Total gradient norm: 8.973642349243164
tensor([0.1651]) tensor([0.3978]) tensor([0.0574])
Current step number: 215
Total gradient norm: 8.896280288696289
tensor([0.1656]) tensor([0.3987]) tensor([0.0577])
Current step number: 216
Total gradient norm: 7.520355224609375
tensor([0.1664]) tensor([0.3992]) tensor([0.0578])
Current step number: 217
Total gradient norm: 7.45280122756958
tensor([0.1669]) tensor([0.4001]) tensor([0.0582])
Current step number: 218
Total gradient norm: 8.299297332763672
tensor([0.1674]) tensor([0.4011]) tensor([0.0586])
Current step number: 219
Total gradient norm: 7.293533802032471
tensor([0.1680]) tensor([0.4018]) tensor([0.0588])
Current step number: 220
Total gradient norm: 7.196250915527344
tensor([0.1687]) tensor([0.4024]) tensor([0.0590])
Current step number: 221
Total gradient norm: 6.926936149597168
tensor([0.1694]) tensor([0.4030]) tensor([0.0592])
Current step number: 222
Total gradient norm: 8.72093391418457
tensor([0.1701]) tensor([0.4036]) tensor([0.0594])
Current step number: 223
Total gradient norm: 8.21584701538086
tensor([0.1708]) tensor([0.4042]) tensor([0.0596])
Current step number: 224
Total gradient norm: 10.084439277648926
tensor([0.1713]) tensor([0.4051]) tensor([0.0599])
Current step number: 225
Total gradient norm: 6.16496467590332
tensor([0.1719]) tensor([0.4057]) tensor([0.0602])
Current step number: 226
Total gradient norm: 7.730886936187744
tensor([0.1726]) tensor([0.4063]) tensor([0.0603])
Current step number: 227
Total gradient norm: 5.80445671081543
tensor([0.1733]) tensor([0.4068]) tensor([0.0605])
Current step number: 228
Total gradient norm: 8.932037353515625
tensor([0.1738]) tensor([0.4077]) tensor([0.0609])
Current step number: 229
Total gradient norm: 7.829543113708496
tensor([0.1744]) tensor([0.4084]) tensor([0.0611])
Current step number: 230
Total gradient norm: 7.847048759460449
tensor([0.1750]) tensor([0.4091]) tensor([0.0614])
Current step number: 231
Total gradient norm: 8.645668029785156
tensor([0.1755]) tensor([0.4099]) tensor([0.0617])
Current step number: 232
Total gradient norm: 6.250491142272949
tensor([0.1763]) tensor([0.4103]) tensor([0.0619])
Current step number: 233
Total gradient norm: 9.854400634765625
tensor([0.1766]) tensor([0.4113]) tensor([0.0623])
Current step number: 234
Total gradient norm: 11.049479484558105
tensor([0.1771]) tensor([0.4122]) tensor([0.0628])
Current step number: 235
Total gradient norm: 7.869706630706787
tensor([0.1776]) tensor([0.4129]) tensor([0.0630])
Current step number: 236
Total gradient norm: 8.838927268981934
tensor([0.1783]) tensor([0.4135]) tensor([0.0633])
Current step number: 237
Total gradient norm: 6.1750335693359375
tensor([0.1789]) tensor([0.4141]) tensor([0.0635])
Current step number: 238
Total gradient norm: 7.966537952423096
tensor([0.1796]) tensor([0.4146]) tensor([0.0637])
Current step number: 239
Total gradient norm: 6.640039920806885
tensor([0.1802]) tensor([0.4152]) tensor([0.0639])
Current step number: 240
Total gradient norm: 9.549501419067383
tensor([0.1808]) tensor([0.4159]) tensor([0.0642])
Current step number: 241
Total gradient norm: 6.523469924926758
tensor([0.1814]) tensor([0.4164]) tensor([0.0644])
Current step number: 242
Total gradient norm: 9.7879056930542
tensor([0.1820]) tensor([0.4171]) tensor([0.0647])
Current step number: 243
Total gradient norm: 5.762234210968018
tensor([0.1826]) tensor([0.4176]) tensor([0.0649])
Current step number: 244
Total gradient norm: 6.871851444244385
tensor([0.1833]) tensor([0.4181]) tensor([0.0651])
Current step number: 245
Total gradient norm: 8.09173583984375
tensor([0.1837]) tensor([0.4189]) tensor([0.0655])
Current step number: 246
Total gradient norm: 6.940351963043213
tensor([0.1844]) tensor([0.4194]) tensor([0.0656])
Current step number: 247
Total gradient norm: 6.052100658416748
tensor([0.1851]) tensor([0.4199]) tensor([0.0658])
Current step number: 248
Total gradient norm: 8.872825622558594
tensor([0.1856]) tensor([0.4205]) tensor([0.0661])
Current step number: 249
Total gradient norm: 6.7654008865356445
tensor([0.1863]) tensor([0.4210]) tensor([0.0663])
Current step number: 250
Total gradient norm: 11.041579246520996
tensor([0.1868]) tensor([0.4217]) tensor([0.0667])
Current step number: 251
Total gradient norm: 7.034533500671387
tensor([0.1874]) tensor([0.4222]) tensor([0.0669])
Current step number: 252
Total gradient norm: 8.45572566986084
tensor([0.1880]) tensor([0.4227]) tensor([0.0671])
Current step number: 253
Total gradient norm: 5.7023725509643555
tensor([0.1888]) tensor([0.4231]) tensor([0.0672])
Current step number: 254
Total gradient norm: 8.185954093933105
tensor([0.1894]) tensor([0.4236]) tensor([0.0674])
Current step number: 255
Total gradient norm: 6.0378098487854
tensor([0.1900]) tensor([0.4242]) tensor([0.0677])
Current step number: 256
Total gradient norm: 10.299818992614746
tensor([0.1904]) tensor([0.4249]) tensor([0.0680])
Current step number: 257
Total gradient norm: 6.783524990081787
tensor([0.1910]) tensor([0.4254]) tensor([0.0683])
Current step number: 258
Total gradient norm: 8.371313095092773
tensor([0.1917]) tensor([0.4259]) tensor([0.0685])
Current step number: 259
Total gradient norm: 5.500243186950684
tensor([0.1924]) tensor([0.4263]) tensor([0.0686])
Current step number: 260
Total gradient norm: 5.230993747711182
tensor([0.1932]) tensor([0.4266]) tensor([0.0686])
Current step number: 261
Total gradient norm: 7.338021278381348
tensor([0.1937]) tensor([0.4271]) tensor([0.0689])
Current step number: 262
Total gradient norm: 8.733304977416992
tensor([0.1943]) tensor([0.4277]) tensor([0.0692])
Current step number: 263
Total gradient norm: 8.813976287841797
tensor([0.1947]) tensor([0.4284]) tensor([0.0696])
Current step number: 264
Total gradient norm: 6.868287086486816
tensor([0.1953]) tensor([0.4288]) tensor([0.0698])
Current step number: 265
Total gradient norm: 6.686809062957764
tensor([0.1959]) tensor([0.4294]) tensor([0.0700])
Current step number: 266
Total gradient norm: 8.756987571716309
tensor([0.1964]) tensor([0.4300]) tensor([0.0704])
Current step number: 267
Total gradient norm: 7.867432117462158
tensor([0.1968]) tensor([0.4306]) tensor([0.0707])
Current step number: 268
Total gradient norm: 8.622939109802246
tensor([0.1975]) tensor([0.4310]) tensor([0.0709])
Current step number: 269
Total gradient norm: 7.222800254821777
tensor([0.1981]) tensor([0.4315]) tensor([0.0711])
Current step number: 270
Total gradient norm: 10.958915710449219
tensor([0.1985]) tensor([0.4322]) tensor([0.0715])
Current step number: 271
Total gradient norm: 5.746441841125488
tensor([0.1992]) tensor([0.4325]) tensor([0.0716])
Current step number: 272
Total gradient norm: 7.193315029144287
tensor([0.1999]) tensor([0.4329]) tensor([0.0718])
Current step number: 273
Total gradient norm: 8.786867141723633
tensor([0.2003]) tensor([0.4335]) tensor([0.0721])
Current step number: 274
Total gradient norm: 8.735735893249512
tensor([0.2009]) tensor([0.4340]) tensor([0.0724])
Current step number: 275
Total gradient norm: 5.966428756713867
tensor([0.2015]) tensor([0.4344]) tensor([0.0726])
Current step number: 276
Total gradient norm: 9.589105606079102
tensor([0.2020]) tensor([0.4350]) tensor([0.0729])
Current step number: 277
Total gradient norm: 6.143200397491455
tensor([0.2025]) tensor([0.4354]) tensor([0.0732])
Current step number: 278
Total gradient norm: 11.652087211608887
tensor([0.2029]) tensor([0.4361]) tensor([0.0736])
Current step number: 279
Total gradient norm: 6.269412994384766
tensor([0.2034]) tensor([0.4367]) tensor([0.0740])
Current step number: 280
Total gradient norm: 9.487119674682617
tensor([0.2038]) tensor([0.4373]) tensor([0.0743])
Current step number: 281
Total gradient norm: 7.548374176025391
tensor([0.2044]) tensor([0.4377]) tensor([0.0746])
Current step number: 282
Total gradient norm: 9.495492935180664
tensor([0.2049]) tensor([0.4382]) tensor([0.0749])
Current step number: 283
Total gradient norm: 8.029337882995605
tensor([0.2053]) tensor([0.4388]) tensor([0.0752])
Current step number: 284
Total gradient norm: 5.199843406677246
tensor([0.2061]) tensor([0.4390]) tensor([0.0753])
Current step number: 285
Total gradient norm: 9.036933898925781
tensor([0.2065]) tensor([0.4396]) tensor([0.0756])
Current step number: 286
Total gradient norm: 9.378106117248535
tensor([0.2070]) tensor([0.4401]) tensor([0.0759])
Current step number: 287
Total gradient norm: 6.310136318206787
tensor([0.2077]) tensor([0.4404]) tensor([0.0761])
Current step number: 288
Total gradient norm: 7.242324352264404
tensor([0.2083]) tensor([0.4408]) tensor([0.0762])
Current step number: 289
Total gradient norm: 7.934764862060547
tensor([0.2087]) tensor([0.4413]) tensor([0.0766])
Current step number: 290
Total gradient norm: 9.591261863708496
tensor([0.2093]) tensor([0.4417]) tensor([0.0768])
Current step number: 291
Total gradient norm: 8.206633567810059
tensor([0.2097]) tensor([0.4422]) tensor([0.0772])
Current step number: 292
Total gradient norm: 6.093569278717041
tensor([0.2104]) tensor([0.4425]) tensor([0.0773])
Current step number: 293
Total gradient norm: 6.681522369384766
tensor([0.2110]) tensor([0.4429]) tensor([0.0775])
Current step number: 294
Total gradient norm: 7.111804008483887
tensor([0.2116]) tensor([0.4432]) tensor([0.0776])
Current step number: 295
Total gradient norm: 7.093728542327881
tensor([0.2122]) tensor([0.4436]) tensor([0.0779])
Current step number: 296
Total gradient norm: 7.6327385902404785
tensor([0.2128]) tensor([0.4440]) tensor([0.0781])
Current step number: 297
Total gradient norm: 7.271424293518066
tensor([0.2133]) tensor([0.4444]) tensor([0.0783])
Current step number: 298
Total gradient norm: 9.090954780578613
tensor([0.2138]) tensor([0.4449]) tensor([0.0786])
Current step number: 299
Total gradient norm: 8.07980728149414
tensor([0.2143]) tensor([0.4453]) tensor([0.0789])
Current step number: 300
Total gradient norm: 8.689998626708984
tensor([0.2148]) tensor([0.4457]) tensor([0.0792])
Current step number: 301
Total gradient norm: 8.689075469970703
tensor([0.2152]) tensor([0.4462]) tensor([0.0796])
Current step number: 302
Total gradient norm: 6.603914737701416
tensor([0.2158]) tensor([0.4466]) tensor([0.0798])
Current step number: 303
Total gradient norm: 7.3386921882629395
tensor([0.2162]) tensor([0.4471]) tensor([0.0802])
Current step number: 304
Total gradient norm: 8.211299896240234
tensor([0.2167]) tensor([0.4475]) tensor([0.0804])
Current step number: 305
Total gradient norm: 8.95305061340332
tensor([0.2172]) tensor([0.4480]) tensor([0.0808])
Current step number: 306
Total gradient norm: 9.115200996398926
tensor([0.2175]) tensor([0.4485]) tensor([0.0812])
Current step number: 307
Total gradient norm: 6.826125144958496
tensor([0.2181]) tensor([0.4488]) tensor([0.0814])
Current step number: 308
Total gradient norm: 9.660130500793457
tensor([0.2186]) tensor([0.4492]) tensor([0.0817])
Current step number: 309
Total gradient norm: 7.331330299377441
tensor([0.2191]) tensor([0.4496]) tensor([0.0820])
Current step number: 310
Total gradient norm: 8.471397399902344
tensor([0.2196]) tensor([0.4500]) tensor([0.0823])
Current step number: 311
Total gradient norm: 8.676563262939453
tensor([0.2200]) tensor([0.4505]) tensor([0.0826])
Current step number: 312
Total gradient norm: 8.800734519958496
tensor([0.2206]) tensor([0.4508]) tensor([0.0828])
Current step number: 313
Total gradient norm: 10.86865520477295
tensor([0.2209]) tensor([0.4514]) tensor([0.0833])
Current step number: 314
Total gradient norm: 8.541098594665527
tensor([0.2215]) tensor([0.4516]) tensor([0.0834])
Current step number: 315
Total gradient norm: 7.928927421569824
tensor([0.2221]) tensor([0.4519]) tensor([0.0836])
Current step number: 316
Total gradient norm: 9.369951248168945
tensor([0.2226]) tensor([0.4523]) tensor([0.0839])
Current step number: 317
Total gradient norm: 5.005442142486572
tensor([0.2233]) tensor([0.4525]) tensor([0.0839])
Current step number: 318
Total gradient norm: 8.169463157653809
tensor([0.2237]) tensor([0.4529]) tensor([0.0843])
Current step number: 319
Total gradient norm: 7.86100435256958
tensor([0.2242]) tensor([0.4533]) tensor([0.0846])
Current step number: 320
Total gradient norm: 5.337717056274414
tensor([0.2248]) tensor([0.4536]) tensor([0.0848])
Current step number: 321
Total gradient norm: 7.891258239746094
tensor([0.2252]) tensor([0.4540]) tensor([0.0851])
Current step number: 322
Total gradient norm: 7.607104778289795
tensor([0.2258]) tensor([0.4543]) tensor([0.0853])
Current step number: 323
Total gradient norm: 9.705049514770508
tensor([0.2262]) tensor([0.4547]) tensor([0.0856])
Current step number: 324
Total gradient norm: 8.758598327636719
tensor([0.2267]) tensor([0.4550]) tensor([0.0859])
Current step number: 325
Total gradient norm: 7.945415019989014
tensor([0.2272]) tensor([0.4554]) tensor([0.0862])
Current step number: 326
Total gradient norm: 8.887293815612793
tensor([0.2276]) tensor([0.4558]) tensor([0.0865])
Current step number: 327
Total gradient norm: 8.685182571411133
tensor([0.2280]) tensor([0.4562]) tensor([0.0869])
Current step number: 328
Total gradient norm: 10.03476333618164
tensor([0.2285]) tensor([0.4566]) tensor([0.0872])
Current step number: 329
Total gradient norm: 8.071110725402832
tensor([0.2290]) tensor([0.4569]) tensor([0.0875])
Current step number: 330
Total gradient norm: 7.938847541809082
tensor([0.2295]) tensor([0.4572]) tensor([0.0877])
Current step number: 331
Total gradient norm: 6.411646842956543
tensor([0.2300]) tensor([0.4575]) tensor([0.0879])
Current step number: 332
Total gradient norm: 9.193796157836914
tensor([0.2305]) tensor([0.4578]) tensor([0.0882])
Current step number: 333
Total gradient norm: 7.086259841918945
tensor([0.2310]) tensor([0.4581]) tensor([0.0884])
Current step number: 334
Total gradient norm: 10.053128242492676
tensor([0.2314]) tensor([0.4585]) tensor([0.0888])
Current step number: 335
Total gradient norm: 5.5397844314575195
tensor([0.2319]) tensor([0.4588]) tensor([0.0891])
Current step number: 336
Total gradient norm: 9.685783386230469
tensor([0.2323]) tensor([0.4592]) tensor([0.0894])
Current step number: 337
Total gradient norm: 6.744503021240234
tensor([0.2329]) tensor([0.4594]) tensor([0.0896])
Current step number: 338
Total gradient norm: 6.831100940704346
tensor([0.2334]) tensor([0.4597]) tensor([0.0898])
Current step number: 339
Total gradient norm: 6.910095691680908
tensor([0.2339]) tensor([0.4600]) tensor([0.0900])
Current step number: 340
Total gradient norm: 6.513491153717041
tensor([0.2345]) tensor([0.4602]) tensor([0.0901])
Current step number: 341
Total gradient norm: 6.803957939147949
tensor([0.2349]) tensor([0.4605]) tensor([0.0905])
Current step number: 342
Total gradient norm: 8.676715850830078
tensor([0.2354]) tensor([0.4609]) tensor([0.0907])
Current step number: 343
Total gradient norm: 7.094588756561279
tensor([0.2359]) tensor([0.4612]) tensor([0.0911])
Current step number: 344
Total gradient norm: 7.376672267913818
tensor([0.2365]) tensor([0.4614]) tensor([0.0912])
Current step number: 345
Total gradient norm: 6.487585544586182
tensor([0.2369]) tensor([0.4617]) tensor([0.0915])
Current step number: 346
Total gradient norm: 8.08558464050293
tensor([0.2374]) tensor([0.4620]) tensor([0.0917])
Current step number: 347
Total gradient norm: 6.713293552398682
tensor([0.2379]) tensor([0.4622]) tensor([0.0919])
Current step number: 348
Total gradient norm: 4.694222450256348
tensor([0.2385]) tensor([0.4625]) tensor([0.0921])
Current step number: 349
Total gradient norm: 9.433136940002441
tensor([0.2389]) tensor([0.4628]) tensor([0.0924])
Current step number: 350
Total gradient norm: 8.686018943786621
tensor([0.2394]) tensor([0.4631]) tensor([0.0927])
Current step number: 351
Total gradient norm: 10.021870613098145
tensor([0.2397]) tensor([0.4634]) tensor([0.0931])
Current step number: 352
Total gradient norm: 8.328248977661133
tensor([0.2403]) tensor([0.4637]) tensor([0.0933])
Current step number: 353
Total gradient norm: 7.732230186462402
tensor([0.2407]) tensor([0.4639]) tensor([0.0935])
Current step number: 354
Total gradient norm: 9.21601390838623
tensor([0.2412]) tensor([0.4642]) tensor([0.0938])
Current step number: 355
Total gradient norm: 5.91818380355835
tensor([0.2417]) tensor([0.4645]) tensor([0.0940])
Current step number: 356
Total gradient norm: 6.971033573150635
tensor([0.2422]) tensor([0.4647]) tensor([0.0943])
Current step number: 357
Total gradient norm: 7.67449426651001
tensor([0.2426]) tensor([0.4651]) tensor([0.0946])
Current step number: 358
Total gradient norm: 7.918629169464111
tensor([0.2430]) tensor([0.4653]) tensor([0.0949])
Current step number: 359
Total gradient norm: 7.864621639251709
tensor([0.2435]) tensor([0.4656]) tensor([0.0952])
Current step number: 360
Total gradient norm: 9.810157775878906
tensor([0.2439]) tensor([0.4659]) tensor([0.0955])
Current step number: 361
Total gradient norm: 5.846551895141602
tensor([0.2445]) tensor([0.4661]) tensor([0.0956])
Current step number: 362
Total gradient norm: 8.75912094116211
tensor([0.2449]) tensor([0.4663]) tensor([0.0959])
Current step number: 363
Total gradient norm: 7.380702972412109
tensor([0.2453]) tensor([0.4667]) tensor([0.0963])
Current step number: 364
Total gradient norm: 8.276742935180664
tensor([0.2457]) tensor([0.4669]) tensor([0.0966])
Current step number: 365
Total gradient norm: 8.12575912475586
tensor([0.2462]) tensor([0.4672]) tensor([0.0968])
Current step number: 366
Total gradient norm: 9.239561080932617
tensor([0.2467]) tensor([0.4674]) tensor([0.0971])
Current step number: 367
Total gradient norm: 7.053689002990723
tensor([0.2471]) tensor([0.4677]) tensor([0.0973])
Current step number: 368
Total gradient norm: 10.025726318359375
tensor([0.2475]) tensor([0.4679]) tensor([0.0977])
Current step number: 369
Total gradient norm: 6.155991077423096
tensor([0.2481]) tensor([0.4681]) tensor([0.0979])
Current step number: 370
Total gradient norm: 7.908231258392334
tensor([0.2486]) tensor([0.4684]) tensor([0.0981])
Current step number: 371
Total gradient norm: 6.388747692108154
tensor([0.2491]) tensor([0.4686]) tensor([0.0983])
Current step number: 372
Total gradient norm: 7.181118488311768
tensor([0.2495]) tensor([0.4688]) tensor([0.0985])
Current step number: 373
Total gradient norm: 4.2042155265808105
tensor([0.2501]) tensor([0.4690]) tensor([0.0986])
Current step number: 374
Total gradient norm: 8.605552673339844
tensor([0.2505]) tensor([0.4692]) tensor([0.0989])
Current step number: 375
Total gradient norm: 6.693240642547607
tensor([0.2510]) tensor([0.4694]) tensor([0.0992])
Current step number: 376
Total gradient norm: 9.18491268157959
tensor([0.2514]) tensor([0.4697]) tensor([0.0995])
Current step number: 377
Total gradient norm: 6.529411315917969
tensor([0.2519]) tensor([0.4699]) tensor([0.0997])
Current step number: 378
Total gradient norm: 7.977392196655273
tensor([0.2524]) tensor([0.4701]) tensor([0.0999])
Current step number: 379
Total gradient norm: 5.887465000152588
tensor([0.2529]) tensor([0.4703]) tensor([0.1001])
Current step number: 380
Total gradient norm: 5.639014720916748
tensor([0.2535]) tensor([0.4704]) tensor([0.1001])
Current step number: 381
Total gradient norm: 5.898011684417725
tensor([0.2541]) tensor([0.4706]) tensor([0.1003])
Current step number: 382
Total gradient norm: 10.51210880279541
tensor([0.2544]) tensor([0.4709]) tensor([0.1007])
Current step number: 383
Total gradient norm: 7.885628700256348
tensor([0.2548]) tensor([0.4712]) tensor([0.1011])
Current step number: 384
Total gradient norm: 11.747692108154297
tensor([0.2551]) tensor([0.4715]) tensor([0.1015])
Current step number: 385
Total gradient norm: 8.936506271362305
tensor([0.2555]) tensor([0.4716]) tensor([0.1017])
Current step number: 386
Total gradient norm: 9.219776153564453
tensor([0.2560]) tensor([0.4719]) tensor([0.1020])
Current step number: 387
Total gradient norm: 6.751830101013184
tensor([0.2566]) tensor([0.4720]) tensor([0.1021])
Current step number: 388
Total gradient norm: 7.576979637145996
tensor([0.2570]) tensor([0.4722]) tensor([0.1023])
Current step number: 389
Total gradient norm: 7.175004482269287
tensor([0.2575]) tensor([0.4724]) tensor([0.1026])
Current step number: 390
Total gradient norm: 6.244474411010742
tensor([0.2581]) tensor([0.4725]) tensor([0.1026])
Current step number: 391
Total gradient norm: 5.8646087646484375
tensor([0.2586]) tensor([0.4727]) tensor([0.1028])
Current step number: 392
Total gradient norm: 10.443201065063477
tensor([0.2590]) tensor([0.4729]) tensor([0.1031])
Current step number: 393
Total gradient norm: 5.844740867614746
tensor([0.2594]) tensor([0.4731]) tensor([0.1033])
Current step number: 394
Total gradient norm: 11.13647747039795
tensor([0.2598]) tensor([0.4734]) tensor([0.1037])
Current step number: 395
Total gradient norm: 8.063785552978516
tensor([0.2602]) tensor([0.4736]) tensor([0.1039])
Current step number: 396
Total gradient norm: 8.267982482910156
tensor([0.2607]) tensor([0.4738]) tensor([0.1042])
Current step number: 397
Total gradient norm: 7.709161281585693
tensor([0.2611]) tensor([0.4740]) tensor([0.1045])
Current step number: 398
Total gradient norm: 8.908513069152832
tensor([0.2615]) tensor([0.4742]) tensor([0.1048])
Current step number: 399
Total gradient norm: 7.524728775024414
tensor([0.2620]) tensor([0.4744]) tensor([0.1050])
Current step number: 400
Total gradient norm: 9.289913177490234
tensor([0.2624]) tensor([0.4746]) tensor([0.1053])
Current step number: 401
Total gradient norm: 7.316365718841553
tensor([0.2629]) tensor([0.4747]) tensor([0.1055])
Current step number: 402
Total gradient norm: 6.364307403564453
tensor([0.2634]) tensor([0.4749]) tensor([0.1056])
Current step number: 403
Total gradient norm: 8.095550537109375
tensor([0.2638]) tensor([0.4751]) tensor([0.1059])
Current step number: 404
Total gradient norm: 7.8704729080200195
tensor([0.2642]) tensor([0.4753]) tensor([0.1062])
Current step number: 405
Total gradient norm: 8.280648231506348
tensor([0.2646]) tensor([0.4755]) tensor([0.1066])
Current step number: 406
Total gradient norm: 11.072356224060059
tensor([0.2649]) tensor([0.4758]) tensor([0.1069])
Current step number: 407
Total gradient norm: 6.336960792541504
tensor([0.2654]) tensor([0.4759]) tensor([0.1071])
Current step number: 408
Total gradient norm: 6.443146228790283
tensor([0.2659]) tensor([0.4760]) tensor([0.1072])
Current step number: 409
Total gradient norm: 5.905858993530273
tensor([0.2664]) tensor([0.4762]) tensor([0.1074])
Current step number: 410
Total gradient norm: 7.2463154792785645
tensor([0.2668]) tensor([0.4764]) tensor([0.1077])
Current step number: 411
Total gradient norm: 5.953703880310059
tensor([0.2673]) tensor([0.4765]) tensor([0.1078])
Current step number: 412
Total gradient norm: 9.019546508789062
tensor([0.2677]) tensor([0.4767]) tensor([0.1081])
Current step number: 413
Total gradient norm: 6.2783098220825195
tensor([0.2682]) tensor([0.4768]) tensor([0.1083])
Current step number: 414
Total gradient norm: 7.383111000061035
tensor([0.2687]) tensor([0.4770]) tensor([0.1085])
Current step number: 415
Total gradient norm: 8.41884994506836
tensor([0.2691]) tensor([0.4772]) tensor([0.1087])
Current step number: 416
Total gradient norm: 7.680479049682617
tensor([0.2696]) tensor([0.4773]) tensor([0.1089])
Current step number: 417
Total gradient norm: 10.857147216796875
tensor([0.2698]) tensor([0.4775]) tensor([0.1094])
Current step number: 418
Total gradient norm: 9.505224227905273
tensor([0.2702]) tensor([0.4777]) tensor([0.1097])
Current step number: 419
Total gradient norm: 7.2440505027771
tensor([0.2708]) tensor([0.4778]) tensor([0.1098])
Current step number: 420
Total gradient norm: 6.953854560852051
tensor([0.2713]) tensor([0.4780]) tensor([0.1099])
Current step number: 421
Total gradient norm: 9.315418243408203
tensor([0.2716]) tensor([0.4782]) tensor([0.1103])
Current step number: 422
Total gradient norm: 8.315986633300781
tensor([0.2720]) tensor([0.4784]) tensor([0.1106])
Current step number: 423
Total gradient norm: 6.14846658706665
tensor([0.2725]) tensor([0.4785]) tensor([0.1108])
Current step number: 424
Total gradient norm: 9.329182624816895
tensor([0.2728]) tensor([0.4787]) tensor([0.1111])
Current step number: 425
Total gradient norm: 7.13505744934082
tensor([0.2733]) tensor([0.4788]) tensor([0.1113])
Current step number: 426
Total gradient norm: 7.809813022613525
tensor([0.2737]) tensor([0.4790]) tensor([0.1115])
Current step number: 427
Total gradient norm: 4.98787260055542
tensor([0.2743]) tensor([0.4791]) tensor([0.1116])
Current step number: 428
Total gradient norm: 10.905533790588379
tensor([0.2746]) tensor([0.4792]) tensor([0.1119])
Current step number: 429
Total gradient norm: 9.895096778869629
tensor([0.2750]) tensor([0.4794]) tensor([0.1123])
Current step number: 430
Total gradient norm: 7.2823591232299805
tensor([0.2754]) tensor([0.4796]) tensor([0.1125])
Current step number: 431
Total gradient norm: 7.364659786224365
tensor([0.2759]) tensor([0.4797]) tensor([0.1127])
Current step number: 432
Total gradient norm: 9.564711570739746
tensor([0.2761]) tensor([0.4799]) tensor([0.1131])
Current step number: 433
Total gradient norm: 6.957703590393066
tensor([0.2766]) tensor([0.4800]) tensor([0.1133])
Current step number: 434
Total gradient norm: 7.852046012878418
tensor([0.2770]) tensor([0.4802]) tensor([0.1135])
Current step number: 435
Total gradient norm: 6.181001663208008
tensor([0.2775]) tensor([0.4803]) tensor([0.1136])
Current step number: 436
Total gradient norm: 10.746956825256348
tensor([0.2779]) tensor([0.4805]) tensor([0.1140])
Current step number: 437
Total gradient norm: 8.451960563659668
tensor([0.2782]) tensor([0.4807]) tensor([0.1143])
Current step number: 438
Total gradient norm: 8.131447792053223
tensor([0.2786]) tensor([0.4808]) tensor([0.1146])
Current step number: 439
Total gradient norm: 7.237349987030029
tensor([0.2790]) tensor([0.4809]) tensor([0.1148])
Current step number: 440
Total gradient norm: 8.097990989685059
tensor([0.2795]) tensor([0.4811]) tensor([0.1150])
Current step number: 441
Total gradient norm: 7.030388355255127
tensor([0.2799]) tensor([0.4812]) tensor([0.1152])
Current step number: 442
Total gradient norm: 7.191559791564941
tensor([0.2804]) tensor([0.4813]) tensor([0.1154])
Current step number: 443
Total gradient norm: 8.333841323852539
tensor([0.2808]) tensor([0.4814]) tensor([0.1156])
Current step number: 444
Total gradient norm: 9.837969779968262
tensor([0.2811]) tensor([0.4816]) tensor([0.1160])
Current step number: 445
Total gradient norm: 9.203672409057617
tensor([0.2814]) tensor([0.4818]) tensor([0.1165])
Current step number: 446
Total gradient norm: 7.208733558654785
tensor([0.2818]) tensor([0.4819]) tensor([0.1167])
Current step number: 447
Total gradient norm: 6.862246990203857
tensor([0.2822]) tensor([0.4821]) tensor([0.1169])
Current step number: 448
Total gradient norm: 7.075998306274414
tensor([0.2827]) tensor([0.4822]) tensor([0.1171])
Current step number: 449
Total gradient norm: 6.594264507293701
tensor([0.2831]) tensor([0.4823]) tensor([0.1173])
Current step number: 450
Total gradient norm: 7.82621955871582
tensor([0.2835]) tensor([0.4824]) tensor([0.1175])
Current step number: 451
Total gradient norm: 6.477716445922852
tensor([0.2839]) tensor([0.4826]) tensor([0.1177])
Current step number: 452
Total gradient norm: 10.619502067565918
tensor([0.2842]) tensor([0.4827]) tensor([0.1182])
Current step number: 453
Total gradient norm: 6.937162399291992
tensor([0.2846]) tensor([0.4829]) tensor([0.1184])
Current step number: 454
Total gradient norm: 9.348103523254395
tensor([0.2850]) tensor([0.4830]) tensor([0.1187])
Current step number: 455
Total gradient norm: 10.370583534240723
tensor([0.2853]) tensor([0.4832]) tensor([0.1191])
Current step number: 456
Total gradient norm: 8.011292457580566
tensor([0.2858]) tensor([0.4833]) tensor([0.1192])
Current step number: 457
Total gradient norm: 6.169455051422119
tensor([0.2862]) tensor([0.4834]) tensor([0.1193])
Current step number: 458
Total gradient norm: 7.681605815887451
tensor([0.2866]) tensor([0.4835]) tensor([0.1196])
Current step number: 459
Total gradient norm: 7.468511581420898
tensor([0.2871]) tensor([0.4836]) tensor([0.1197])
Current step number: 460
Total gradient norm: 8.658159255981445
tensor([0.2875]) tensor([0.4837]) tensor([0.1199])
Current step number: 461
Total gradient norm: 10.379467010498047
tensor([0.2878]) tensor([0.4838]) tensor([0.1203])
Current step number: 462
Total gradient norm: 8.12773323059082
tensor([0.2882]) tensor([0.4839]) tensor([0.1205])
Current step number: 463
Total gradient norm: 6.706409931182861
tensor([0.2887]) tensor([0.4840]) tensor([0.1207])
Current step number: 464
Total gradient norm: 9.53899097442627
tensor([0.2890]) tensor([0.4842]) tensor([0.1209])
Current step number: 465
Total gradient norm: 5.844289779663086
tensor([0.2895]) tensor([0.4843]) tensor([0.1211])
Current step number: 466
Total gradient norm: 7.477004051208496
tensor([0.2899]) tensor([0.4844]) tensor([0.1214])
Current step number: 467
Total gradient norm: 5.540623664855957
tensor([0.2903]) tensor([0.4845]) tensor([0.1215])
Current step number: 468
Total gradient norm: 7.05443000793457
tensor([0.2908]) tensor([0.4846]) tensor([0.1216])
Current step number: 469
Total gradient norm: 7.253828525543213
tensor([0.2912]) tensor([0.4847]) tensor([0.1219])
Current step number: 470
Total gradient norm: 6.579419136047363
tensor([0.2915]) tensor([0.4848]) tensor([0.1222])
Current step number: 471
Total gradient norm: 7.277615070343018
tensor([0.2919]) tensor([0.4849]) tensor([0.1224])
Current step number: 472
Total gradient norm: 8.803718566894531
tensor([0.2923]) tensor([0.4850]) tensor([0.1226])
Current step number: 473
Total gradient norm: 7.038247585296631
tensor([0.2927]) tensor([0.4851]) tensor([0.1228])
Current step number: 474
Total gradient norm: 8.741169929504395
tensor([0.2931]) tensor([0.4852]) tensor([0.1231])
Current step number: 475
Total gradient norm: 7.539468288421631
tensor([0.2935]) tensor([0.4853]) tensor([0.1233])
Current step number: 476
Total gradient norm: 7.891026020050049
tensor([0.2939]) tensor([0.4854]) tensor([0.1235])
Current step number: 477
Total gradient norm: 6.768319606781006
tensor([0.2943]) tensor([0.4855]) tensor([0.1237])
Current step number: 478
Total gradient norm: 7.601868152618408
tensor([0.2948]) tensor([0.4856]) tensor([0.1238])
Current step number: 479
Total gradient norm: 7.456496238708496
tensor([0.2951]) tensor([0.4857]) tensor([0.1242])
Current step number: 480
Total gradient norm: 9.645556449890137
tensor([0.2955]) tensor([0.4859]) tensor([0.1245])
Current step number: 481
Total gradient norm: 6.830347537994385
tensor([0.2958]) tensor([0.4860]) tensor([0.1248])
Current step number: 482
Total gradient norm: 8.759744644165039
tensor([0.2961]) tensor([0.4861]) tensor([0.1251])
Current step number: 483
Total gradient norm: 6.718775749206543
tensor([0.2966]) tensor([0.4862]) tensor([0.1252])
Current step number: 484
Total gradient norm: 10.9442777633667
tensor([0.2969]) tensor([0.4863]) tensor([0.1256])
Current step number: 485
Total gradient norm: 7.068742752075195
tensor([0.2973]) tensor([0.4864]) tensor([0.1258])
Current step number: 486
Total gradient norm: 7.757930278778076
tensor([0.2977]) tensor([0.4865]) tensor([0.1260])
Current step number: 487
Total gradient norm: 6.848311424255371
tensor([0.2980]) tensor([0.4866]) tensor([0.1263])
Current step number: 488
Total gradient norm: 11.535063743591309
tensor([0.2983]) tensor([0.4867]) tensor([0.1267])
Current step number: 489
Total gradient norm: 9.100303649902344
tensor([0.2986]) tensor([0.4868]) tensor([0.1270])
Current step number: 490
Total gradient norm: 7.728034973144531
tensor([0.2990]) tensor([0.4869]) tensor([0.1272])
Current step number: 491
Total gradient norm: 7.040828227996826
tensor([0.2994]) tensor([0.4870]) tensor([0.1274])
Current step number: 492
Total gradient norm: 8.678237915039062
tensor([0.2998]) tensor([0.4871]) tensor([0.1276])
Current step number: 493
Total gradient norm: 8.758585929870605
tensor([0.3001]) tensor([0.4872]) tensor([0.1280])
Current step number: 494
Total gradient norm: 9.873612403869629
tensor([0.3004]) tensor([0.4874]) tensor([0.1283])
Current step number: 495
Total gradient norm: 5.6392822265625
tensor([0.3008]) tensor([0.4874]) tensor([0.1286])
Current step number: 496
Total gradient norm: 7.40792179107666
tensor([0.3012]) tensor([0.4875]) tensor([0.1287])
Current step number: 497
Total gradient norm: 6.2776336669921875
tensor([0.3016]) tensor([0.4876]) tensor([0.1289])
Current step number: 498
Total gradient norm: 7.453150272369385
tensor([0.3020]) tensor([0.4877]) tensor([0.1291])
Current step number: 499
Total gradient norm: 8.44298267364502
tensor([0.3024]) tensor([0.4878]) tensor([0.1293])
Current step number: 500
{'loss': 0.3444, 'learning_rate': 0.001, 'epoch': 0.24}
