Proportion of positive examples: 0.5578256544269403
pad token id is none
finishing tokeninzing
trainable params: 6,144 || all params: 124,447,488 || trainable%: 0.004937022111687782
balanced data AUC before train
 {'eval_loss': 0.4865074157714844, 'eval_roc_auc': 0.47550412562094807, 'eval_runtime': 1.9733, 'eval_samples_per_second': 441.905, 'eval_steps_per_second': 14.19}
{'eval_loss': 0.46335482597351074, 'eval_roc_auc': 0.6557053548875978, 'eval_runtime': 1.8052, 'eval_samples_per_second': 483.05, 'eval_steps_per_second': 15.511, 'epoch': 9.26}
{'loss': 0.403, 'learning_rate': 0.000809976247030879, 'epoch': 9.5}
{'loss': 0.413, 'learning_rate': 0.000995249406175772, 'epoch': 0.24}
{'eval_loss': 0.5403493642807007, 'eval_roc_auc': 0.6362349499031743, 'eval_runtime': 1.8047, 'eval_samples_per_second': 483.169, 'eval_steps_per_second': 15.515, 'epoch': 9.5}
{'loss': 0.4001, 'learning_rate': 0.0008052256532066509, 'epoch': 9.74}
{'eval_loss': 0.45497292280197144, 'eval_roc_auc': 0.4663951334512082, 'eval_runtime': 1.7648, 'eval_samples_per_second': 494.111, 'eval_steps_per_second': 15.866, 'epoch': 0.24}
{'loss': 0.3996, 'learning_rate': 0.000990498812351544, 'epoch': 0.48}
{'eval_loss': 0.569100558757782, 'eval_roc_auc': 0.5822519365159551, 'eval_runtime': 1.8087, 'eval_samples_per_second': 482.117, 'eval_steps_per_second': 15.481, 'epoch': 9.74}
{'loss': 0.4012, 'learning_rate': 0.0008004750593824228, 'epoch': 9.98}
{'eval_loss': 0.5794487595558167, 'eval_roc_auc': 0.5152290140607898, 'eval_runtime': 1.7841, 'eval_samples_per_second': 488.769, 'eval_steps_per_second': 15.694, 'epoch': 0.48}
{'loss': 0.4128, 'learning_rate': 0.0009857482185273159, 'epoch': 0.71}
{'eval_loss': 0.5076119899749756, 'eval_roc_auc': 0.6253525721983666, 'eval_runtime': 1.8089, 'eval_samples_per_second': 482.065, 'eval_steps_per_second': 15.479, 'epoch': 9.98}
{'loss': 0.4128, 'learning_rate': 0.0007957244655581948, 'epoch': 10.21}
{'eval_loss': 0.4570908844470978, 'eval_roc_auc': 0.5780605371726867, 'eval_runtime': 1.7848, 'eval_samples_per_second': 488.582, 'eval_steps_per_second': 15.688, 'epoch': 0.71}
{'loss': 0.4213, 'learning_rate': 0.000980997624703088, 'epoch': 0.95}
{'eval_loss': 0.46155205368995667, 'eval_roc_auc': 0.6291019407257725, 'eval_runtime': 1.8047, 'eval_samples_per_second': 483.171, 'eval_steps_per_second': 15.515, 'epoch': 10.21}
{'loss': 0.4055, 'learning_rate': 0.0007909738717339667, 'epoch': 10.45}
{'eval_loss': 0.6329702734947205, 'eval_roc_auc': 0.5708880609581544, 'eval_runtime': 1.787, 'eval_samples_per_second': 487.969, 'eval_steps_per_second': 15.669, 'epoch': 0.95}
{'loss': 0.4023, 'learning_rate': 0.0009762470308788599, 'epoch': 1.19}
{'eval_loss': 0.4664715528488159, 'eval_roc_auc': 0.5995042940136398, 'eval_runtime': 1.8088, 'eval_samples_per_second': 482.101, 'eval_steps_per_second': 15.48, 'epoch': 10.45}
{'loss': 0.389, 'learning_rate': 0.0007862232779097387, 'epoch': 10.69}
{'eval_loss': 0.4591219127178192, 'eval_roc_auc': 0.5893323229771827, 'eval_runtime': 1.7885, 'eval_samples_per_second': 487.564, 'eval_steps_per_second': 15.656, 'epoch': 1.19}
{'loss': 0.4136, 'learning_rate': 0.0009714964370546318, 'epoch': 1.43}
{'eval_loss': 0.4810774326324463, 'eval_roc_auc': 0.6587969394628272, 'eval_runtime': 1.807, 'eval_samples_per_second': 482.561, 'eval_steps_per_second': 15.495, 'epoch': 10.69}
{'loss': 0.408, 'learning_rate': 0.0007814726840855107, 'epoch': 10.93}
{'eval_loss': 0.47124361991882324, 'eval_roc_auc': 0.6448203460469817, 'eval_runtime': 1.7842, 'eval_samples_per_second': 488.746, 'eval_steps_per_second': 15.694, 'epoch': 1.43}
{'loss': 0.4118, 'learning_rate': 0.0009667458432304038, 'epoch': 1.66}
{'eval_loss': 0.45557901263237, 'eval_roc_auc': 0.6194640902584827, 'eval_runtime': 1.7848, 'eval_samples_per_second': 488.571, 'eval_steps_per_second': 15.688, 'epoch': 1.66}
{'loss': 0.4061, 'learning_rate': 0.0009619952494061758, 'epoch': 1.9}
{'eval_loss': 0.5358738303184509, 'eval_roc_auc': 0.6216979245600741, 'eval_runtime': 1.782, 'eval_samples_per_second': 489.349, 'eval_steps_per_second': 15.713, 'epoch': 1.9}
{'loss': 0.3897, 'learning_rate': 0.0009572446555819478, 'epoch': 2.14}
{'eval_loss': 0.4568037688732147, 'eval_roc_auc': 0.5876431337879937, 'eval_runtime': 1.7808, 'eval_samples_per_second': 489.678, 'eval_steps_per_second': 15.724, 'epoch': 2.14}
{'loss': 0.4117, 'learning_rate': 0.0009524940617577197, 'epoch': 2.38}
{'eval_loss': 0.49396270513534546, 'eval_roc_auc': 0.6370979624484298, 'eval_runtime': 1.7802, 'eval_samples_per_second': 489.826, 'eval_steps_per_second': 15.728, 'epoch': 2.38}
{'loss': 0.4161, 'learning_rate': 0.0009477434679334918, 'epoch': 2.61}
{'eval_loss': 0.4986594021320343, 'eval_roc_auc': 0.6051033510145659, 'eval_runtime': 1.7796, 'eval_samples_per_second': 490.007, 'eval_steps_per_second': 15.734, 'epoch': 2.61}
{'loss': 0.4016, 'learning_rate': 0.0009429928741092637, 'epoch': 2.85}
{'eval_loss': 0.4561404883861542, 'eval_roc_auc': 0.5962574724256967, 'eval_runtime': 1.779, 'eval_samples_per_second': 490.163, 'eval_steps_per_second': 15.739, 'epoch': 2.85}
{'loss': 0.4079, 'learning_rate': 0.0009382422802850357, 'epoch': 3.09}
{'eval_loss': 0.5228953957557678, 'eval_roc_auc': 0.6296307990233223, 'eval_runtime': 1.7764, 'eval_samples_per_second': 490.876, 'eval_steps_per_second': 15.762, 'epoch': 3.09}
{'loss': 0.4037, 'learning_rate': 0.0009334916864608076, 'epoch': 3.33}
{'eval_loss': 0.569816529750824, 'eval_roc_auc': 0.5988096741601414, 'eval_runtime': 1.7778, 'eval_samples_per_second': 490.501, 'eval_steps_per_second': 15.75, 'epoch': 3.33}
{'loss': 0.404, 'learning_rate': 0.0009287410926365796, 'epoch': 3.56}
{'eval_loss': 0.5723928809165955, 'eval_roc_auc': 0.539472299402206, 'eval_runtime': 1.78, 'eval_samples_per_second': 489.897, 'eval_steps_per_second': 15.731, 'epoch': 3.56}
{'loss': 0.4129, 'learning_rate': 0.0009239904988123515, 'epoch': 3.8}
{'eval_loss': 0.4658795893192291, 'eval_roc_auc': 0.5927896354298223, 'eval_runtime': 1.7812, 'eval_samples_per_second': 489.559, 'eval_steps_per_second': 15.72, 'epoch': 3.8}
{'loss': 0.4057, 'learning_rate': 0.0009192399049881235, 'epoch': 4.04}
{'eval_loss': 0.5377326011657715, 'eval_roc_auc': 0.636156015828913, 'eval_runtime': 1.7821, 'eval_samples_per_second': 489.312, 'eval_steps_per_second': 15.712, 'epoch': 4.04}
{'loss': 0.4105, 'learning_rate': 0.0009144893111638955, 'epoch': 4.28}
{'eval_loss': 0.5232263803482056, 'eval_roc_auc': 0.5896375347309928, 'eval_runtime': 1.7818, 'eval_samples_per_second': 489.379, 'eval_steps_per_second': 15.714, 'epoch': 4.28}
{'loss': 0.4091, 'learning_rate': 0.0009097387173396675, 'epoch': 4.51}
{'eval_loss': 0.5651626586914062, 'eval_roc_auc': 0.647312031657826, 'eval_runtime': 1.7783, 'eval_samples_per_second': 490.361, 'eval_steps_per_second': 15.746, 'epoch': 4.51}
{'loss': 0.3957, 'learning_rate': 0.0009049881235154394, 'epoch': 4.75}
{'eval_loss': 0.500967264175415, 'eval_roc_auc': 0.6059611012882041, 'eval_runtime': 1.7836, 'eval_samples_per_second': 488.895, 'eval_steps_per_second': 15.698, 'epoch': 4.75}
{'loss': 0.4047, 'learning_rate': 0.0009002375296912114, 'epoch': 4.99}
{'eval_loss': 0.5048924684524536, 'eval_roc_auc': 0.6707291403553086, 'eval_runtime': 1.7849, 'eval_samples_per_second': 488.536, 'eval_steps_per_second': 15.687, 'epoch': 4.99}
{'loss': 0.414, 'learning_rate': 0.0008954869358669833, 'epoch': 5.23}
{'eval_loss': 0.4769746959209442, 'eval_roc_auc': 0.6384977266986612, 'eval_runtime': 1.7828, 'eval_samples_per_second': 489.12, 'eval_steps_per_second': 15.706, 'epoch': 5.23}
{'loss': 0.4126, 'learning_rate': 0.0008907363420427554, 'epoch': 5.46}
{'eval_loss': 0.5239149928092957, 'eval_roc_auc': 0.6374768460048834, 'eval_runtime': 1.7837, 'eval_samples_per_second': 488.872, 'eval_steps_per_second': 15.698, 'epoch': 5.46}
{'loss': 0.4033, 'learning_rate': 0.0008859857482185273, 'epoch': 5.7}
{'eval_loss': 0.48246556520462036, 'eval_roc_auc': 0.6610255114928012, 'eval_runtime': 1.7773, 'eval_samples_per_second': 490.618, 'eval_steps_per_second': 15.754, 'epoch': 5.7}
{'loss': 0.4, 'learning_rate': 0.0008812351543942994, 'epoch': 5.94}
{'eval_loss': 0.5194351673126221, 'eval_roc_auc': 0.624015955207544, 'eval_runtime': 1.7819, 'eval_samples_per_second': 489.362, 'eval_steps_per_second': 15.713, 'epoch': 5.94}
{'loss': 0.4138, 'learning_rate': 0.0008764845605700713, 'epoch': 6.18}
{'eval_loss': 0.5150962471961975, 'eval_roc_auc': 0.6407157741854004, 'eval_runtime': 1.7804, 'eval_samples_per_second': 489.766, 'eval_steps_per_second': 15.726, 'epoch': 6.18}
{'loss': 0.4119, 'learning_rate': 0.0008717339667458433, 'epoch': 6.41}
{'eval_loss': 0.46314799785614014, 'eval_roc_auc': 0.49422202576408186, 'eval_runtime': 1.7815, 'eval_samples_per_second': 489.464, 'eval_steps_per_second': 15.717, 'epoch': 6.41}
{'loss': 0.3985, 'learning_rate': 0.0008669833729216152, 'epoch': 6.65}
{'eval_loss': 0.47282686829566956, 'eval_roc_auc': 0.4757830260166709, 'eval_runtime': 1.7817, 'eval_samples_per_second': 489.419, 'eval_steps_per_second': 15.715, 'epoch': 6.65}
{'loss': 0.3991, 'learning_rate': 0.0008622327790973872, 'epoch': 6.89}
{'eval_loss': 0.48084643483161926, 'eval_roc_auc': 0.5493495832280879, 'eval_runtime': 1.7811, 'eval_samples_per_second': 489.587, 'eval_steps_per_second': 15.721, 'epoch': 6.89}
{'loss': 0.4061, 'learning_rate': 0.0008574821852731591, 'epoch': 7.13}
{'eval_loss': 0.5589234232902527, 'eval_roc_auc': 0.6416550896691083, 'eval_runtime': 1.7807, 'eval_samples_per_second': 489.682, 'eval_steps_per_second': 15.724, 'epoch': 7.13}
{'loss': 0.4127, 'learning_rate': 0.0008527315914489311, 'epoch': 7.36}
{'eval_loss': 0.47073894739151, 'eval_roc_auc': 0.6765597373074009, 'eval_runtime': 1.7806, 'eval_samples_per_second': 489.722, 'eval_steps_per_second': 15.725, 'epoch': 7.36}
{'loss': 0.4044, 'learning_rate': 0.0008479809976247031, 'epoch': 7.6}
{'eval_loss': 0.5403614640235901, 'eval_roc_auc': 0.6104656057927086, 'eval_runtime': 1.7802, 'eval_samples_per_second': 489.833, 'eval_steps_per_second': 15.729, 'epoch': 7.6}
{'loss': 0.4074, 'learning_rate': 0.0008432304038004751, 'epoch': 7.84}
{'eval_loss': 0.5068917870521545, 'eval_roc_auc': 0.6488223036120233, 'eval_runtime': 1.7814, 'eval_samples_per_second': 489.513, 'eval_steps_per_second': 15.718, 'epoch': 7.84}
{'loss': 0.3972, 'learning_rate': 0.000838479809976247, 'epoch': 8.08}
{'eval_loss': 0.4665190577507019, 'eval_roc_auc': 0.6588574555864276, 'eval_runtime': 1.7805, 'eval_samples_per_second': 489.747, 'eval_steps_per_second': 15.726, 'epoch': 8.08}
{'loss': 0.407, 'learning_rate': 0.000833729216152019, 'epoch': 8.31}
{'eval_loss': 0.5175978541374207, 'eval_roc_auc': 0.6631883051275574, 'eval_runtime': 1.7818, 'eval_samples_per_second': 489.389, 'eval_steps_per_second': 15.714, 'epoch': 8.31}
{'loss': 0.4125, 'learning_rate': 0.0008289786223277909, 'epoch': 8.55}
{'eval_loss': 0.46514222025871277, 'eval_roc_auc': 0.6514429148774944, 'eval_runtime': 1.7784, 'eval_samples_per_second': 490.339, 'eval_steps_per_second': 15.745, 'epoch': 8.55}
{'loss': 0.4033, 'learning_rate': 0.0008242280285035629, 'epoch': 8.79}
{'eval_loss': 0.46497344970703125, 'eval_roc_auc': 0.5816494064157616, 'eval_runtime': 1.7836, 'eval_samples_per_second': 488.91, 'eval_steps_per_second': 15.699, 'epoch': 8.79}
{'loss': 0.4062, 'learning_rate': 0.0008194774346793349, 'epoch': 9.03}
{'eval_loss': 0.5012059211730957, 'eval_roc_auc': 0.6858581712553676, 'eval_runtime': 1.7797, 'eval_samples_per_second': 489.977, 'eval_steps_per_second': 15.733, 'epoch': 9.03}
{'loss': 0.4146, 'learning_rate': 0.000814726840855107, 'epoch': 9.26}
{'eval_loss': 0.46203768253326416, 'eval_roc_auc': 0.66452492211838, 'eval_runtime': 1.7782, 'eval_samples_per_second': 490.38, 'eval_steps_per_second': 15.746, 'epoch': 9.26}
{'loss': 0.4031, 'learning_rate': 0.000809976247030879, 'epoch': 9.5}
{'eval_loss': 0.5274448990821838, 'eval_roc_auc': 0.6969457775532543, 'eval_runtime': 1.7839, 'eval_samples_per_second': 488.822, 'eval_steps_per_second': 15.696, 'epoch': 9.5}
{'loss': 0.399, 'learning_rate': 0.0008052256532066509, 'epoch': 9.74}
{'eval_loss': 0.5578802824020386, 'eval_roc_auc': 0.6308411214953271, 'eval_runtime': 1.78, 'eval_samples_per_second': 489.899, 'eval_steps_per_second': 15.731, 'epoch': 9.74}
{'loss': 0.4003, 'learning_rate': 0.0008004750593824228, 'epoch': 9.98}
{'eval_loss': 0.5229862928390503, 'eval_roc_auc': 0.6218426370295529, 'eval_runtime': 1.7809, 'eval_samples_per_second': 489.629, 'eval_steps_per_second': 15.722, 'epoch': 9.98}
{'loss': 0.4111, 'learning_rate': 0.0007957244655581948, 'epoch': 10.21}
{'eval_loss': 0.46926459670066833, 'eval_roc_auc': 0.49525606213690326, 'eval_runtime': 1.7813, 'eval_samples_per_second': 489.525, 'eval_steps_per_second': 15.719, 'epoch': 10.21}
{'loss': 0.4046, 'learning_rate': 0.0007909738717339667, 'epoch': 10.45}
{'eval_loss': 0.47272709012031555, 'eval_roc_auc': 0.5925107350340997, 'eval_runtime': 1.78, 'eval_samples_per_second': 489.885, 'eval_steps_per_second': 15.73, 'epoch': 10.45}
{'loss': 0.3909, 'learning_rate': 0.0007862232779097387, 'epoch': 10.69}
{'eval_loss': 0.4760824739933014, 'eval_roc_auc': 0.6608992169739833, 'eval_runtime': 1.7802, 'eval_samples_per_second': 489.844, 'eval_steps_per_second': 15.729, 'epoch': 10.69}
{'loss': 0.4074, 'learning_rate': 0.0007814726840855107, 'epoch': 10.93}
{'eval_loss': 0.4799462854862213, 'eval_roc_auc': 0.6093605287530521, 'eval_runtime': 1.7817, 'eval_samples_per_second': 489.419, 'eval_steps_per_second': 15.715, 'epoch': 10.93}
{'loss': 0.4051, 'learning_rate': 0.0007767220902612827, 'epoch': 11.16}
{'eval_loss': 0.46885302662849426, 'eval_roc_auc': 0.6548581291571945, 'eval_runtime': 1.7793, 'eval_samples_per_second': 490.072, 'eval_steps_per_second': 15.736, 'epoch': 11.16}
{'loss': 0.3994, 'learning_rate': 0.0007719714964370546, 'epoch': 11.4}
